# JRE version: OpenJDK Runtime Environment (8.0_152-b02) (build 1.8.0_152-release-1024-b02)
# Java VM: OpenJDK 64-Bit Server VM (25.152-b02 mixed mode windows-amd64 compressed oops)
Heap:
 PSYoungGen      total 436736K, used 396654K [0x00000000e0000000, 0x00000000ff300000, 0x0000000100000000)
  eden space 365568K, 100% used [0x00000000e0000000,0x00000000f6500000,0x00000000f6500000)
  from space 71168K, 43% used [0x00000000fad80000,0x00000000fcbdbbb0,0x00000000ff300000)
  to   space 72704K, 45% used [0x00000000f6500000,0x00000000f856c720,0x00000000fac00000)
 ParOldGen       total 1048576K, used 215028K [0x00000000a0000000, 0x00000000e0000000, 0x00000000e0000000)
  object space 1048576K, 20% used [0x00000000a0000000,0x00000000ad1fd3b8,0x00000000e0000000)
 Metaspace       used 83497K, capacity 88736K, committed 88960K, reserved 1126400K
  class space    used 10076K, capacity 11031K, committed 11136K, reserved 1048576K
GC Heap History (10 events):
Event: 20283.928 GC heap after
Heap after GC invocations=185 (full 9):
 PSYoungGen      total 434688K, used 24181K [0x00000000e0000000, 0x00000000ffc00000, 0x0000000100000000)
  eden space 351232K, 0% used [0x00000000e0000000,0x00000000e0000000,0x00000000f5700000)
  from space 83456K, 28% used [0x00000000faa80000,0x00000000fc21d640,0x00000000ffc00000)
  to   space 84480K, 0% used [0x00000000f5700000,0x00000000f5700000,0x00000000fa980000)
 ParOldGen       total 299008K, used 180595K [0x00000000a0000000, 0x00000000b2400000, 0x00000000e0000000)
  object space 299008K, 60% used [0x00000000a0000000,0x00000000ab05cec8,0x00000000b2400000)
 Metaspace       used 78935K, capacity 83502K, committed 83968K, reserved 1122304K
  class space    used 9400K, capacity 10183K, committed 10240K, reserved 1048576K
}
Event: 20284.345 GC heap before
{Heap before GC invocations=186 (full 9):
 PSYoungGen      total 434688K, used 371367K [0x00000000e0000000, 0x00000000ffc00000, 0x0000000100000000)
  eden space 351232K, 98% used [0x00000000e0000000,0x00000000f530c8c0,0x00000000f5700000)
  from space 83456K, 28% used [0x00000000faa80000,0x00000000fc21d640,0x00000000ffc00000)
  to   space 84480K, 0% used [0x00000000f5700000,0x00000000f5700000,0x00000000fa980000)
 ParOldGen       total 299008K, used 180595K [0x00000000a0000000, 0x00000000b2400000, 0x00000000e0000000)
  object space 299008K, 60% used [0x00000000a0000000,0x00000000ab05cec8,0x00000000b2400000)
 Metaspace       used 78935K, capacity 83502K, committed 83968K, reserved 1122304K
  class space    used 9400K, capacity 10183K, committed 10240K, reserved 1048576K
Event: 20284.361 GC heap after
Heap after GC invocations=186 (full 9):
 PSYoungGen      total 435712K, used 15519K [0x00000000e0000000, 0x00000000ffe00000, 0x0000000100000000)
  eden space 351232K, 0% used [0x00000000e0000000,0x00000000e0000000,0x00000000f5700000)
  from space 84480K, 18% used [0x00000000f5700000,0x00000000f6627c80,0x00000000fa980000)
  to   space 82944K, 0% used [0x00000000fad00000,0x00000000fad00000,0x00000000ffe00000)
 ParOldGen       total 299008K, used 190535K [0x00000000a0000000, 0x00000000b2400000, 0x00000000e0000000)
  object space 299008K, 63% used [0x00000000a0000000,0x00000000aba11da8,0x00000000b2400000)
 Metaspace       used 78935K, capacity 83502K, committed 83968K, reserved 1122304K
  class space    used 9400K, capacity 10183K, committed 10240K, reserved 1048576K
}
Event: 20284.913 GC heap before
{Heap before GC invocations=187 (full 9):
 PSYoungGen      total 435712K, used 360856K [0x00000000e0000000, 0x00000000ffe00000, 0x0000000100000000)
  eden space 351232K, 98% used [0x00000000e0000000,0x00000000f513e638,0x00000000f5700000)
  from space 84480K, 18% used [0x00000000f5700000,0x00000000f6627c80,0x00000000fa980000)
  to   space 82944K, 0% used [0x00000000fad00000,0x00000000fad00000,0x00000000ffe00000)
 ParOldGen       total 299008K, used 190535K [0x00000000a0000000, 0x00000000b2400000, 0x00000000e0000000)
  object space 299008K, 63% used [0x00000000a0000000,0x00000000aba11da8,0x00000000b2400000)
 Metaspace       used 78935K, capacity 83502K, committed 83968K, reserved 1122304K
  class space    used 9400K, capacity 10183K, committed 10240K, reserved 1048576K
Event: 20284.922 GC heap after
Heap after GC invocations=187 (full 9):
 PSYoungGen      total 437248K, used 10858K [0x00000000e0000000, 0x00000000ffb80000, 0x0000000100000000)
  eden space 356864K, 0% used [0x00000000e0000000,0x00000000e0000000,0x00000000f5c80000)
  from space 80384K, 13% used [0x00000000fad00000,0x00000000fb79a8b8,0x00000000ffb80000)
  to   space 81408K, 0% used [0x00000000f5c80000,0x00000000f5c80000,0x00000000fac00000)
 ParOldGen       total 299008K, used 195591K [0x00000000a0000000, 0x00000000b2400000, 0x00000000e0000000)
  object space 299008K, 65% used [0x00000000a0000000,0x00000000abf01cd8,0x00000000b2400000)
 Metaspace       used 78935K, capacity 83502K, committed 83968K, reserved 1122304K
  class space    used 9400K, capacity 10183K, committed 10240K, reserved 1048576K
}
Event: 20603.234 GC heap before
{Heap before GC invocations=188 (full 9):
 PSYoungGen      total 437248K, used 367722K [0x00000000e0000000, 0x00000000ffb80000, 0x0000000100000000)
  eden space 356864K, 100% used [0x00000000e0000000,0x00000000f5c80000,0x00000000f5c80000)
  from space 80384K, 13% used [0x00000000fad00000,0x00000000fb79a8b8,0x00000000ffb80000)
  to   space 81408K, 0% used [0x00000000f5c80000,0x00000000f5c80000,0x00000000fac00000)
 ParOldGen       total 299008K, used 195591K [0x00000000a0000000, 0x00000000b2400000, 0x00000000e0000000)
  object space 299008K, 65% used [0x00000000a0000000,0x00000000abf01cd8,0x00000000b2400000)
 Metaspace       used 83409K, capacity 88602K, committed 88960K, reserved 1126400K
  class space    used 10075K, capacity 11030K, committed 11136K, reserved 1048576K
Event: 20603.264 GC heap after
Heap after GC invocations=188 (full 9):
 PSYoungGen      total 438272K, used 32702K [0x00000000e0000000, 0x00000000ff900000, 0x0000000100000000)
  eden space 356864K, 0% used [0x00000000e0000000,0x00000000e0000000,0x00000000f5c80000)
  from space 81408K, 40% used [0x00000000f5c80000,0x00000000f7c6f838,0x00000000fac00000)
  to   space 77312K, 0% used [0x00000000fad80000,0x00000000fad80000,0x00000000ff900000)
 ParOldGen       total 299008K, used 195687K [0x00000000a0000000, 0x00000000b2400000, 0x00000000e0000000)
  object space 299008K, 65% used [0x00000000a0000000,0x00000000abf19cd8,0x00000000b2400000)
 Metaspace       used 83409K, capacity 88602K, committed 88960K, reserved 1126400K
  class space    used 10075K, capacity 11030K, committed 11136K, reserved 1048576K
}
Event: 22085.189 GC heap before
{Heap before GC invocations=189 (full 9):
 PSYoungGen      total 438272K, used 389566K [0x00000000e0000000, 0x00000000ff900000, 0x0000000100000000)
  eden space 356864K, 100% used [0x00000000e0000000,0x00000000f5c80000,0x00000000f5c80000)
  from space 81408K, 40% used [0x00000000f5c80000,0x00000000f7c6f838,0x00000000fac00000)
  to   space 77312K, 0% used [0x00000000fad80000,0x00000000fad80000,0x00000000ff900000)
 ParOldGen       total 299008K, used 195687K [0x00000000a0000000, 0x00000000b2400000, 0x00000000e0000000)
  object space 299008K, 65% used [0x00000000a0000000,0x00000000abf19cd8,0x00000000b2400000)
 Metaspace       used 83489K, capacity 88736K, committed 88960K, reserved 1126400K
  class space    used 10076K, capacity 11031K, committed 11136K, reserved 1048576K
Event: 22085.219 GC heap after
Heap after GC invocations=189 (full 9):
 PSYoungGen      total 436736K, used 31086K [0x00000000e0000000, 0x00000000ff300000, 0x0000000100000000)
  eden space 365568K, 0% used [0x00000000e0000000,0x00000000e0000000,0x00000000f6500000)
  from space 71168K, 43% used [0x00000000fad80000,0x00000000fcbdbbb0,0x00000000ff300000)
  to   space 72704K, 0% used [0x00000000f6500000,0x00000000f6500000,0x00000000fac00000)
 ParOldGen       total 299008K, used 207349K [0x00000000a0000000, 0x00000000b2400000, 0x00000000e0000000)
  object space 299008K, 69% used [0x00000000a0000000,0x00000000aca7d798,0x00000000b2400000)
 Metaspace       used 83489K, capacity 88736K, committed 88960K, reserved 1126400K
  class space    used 10076K, capacity 11031K, committed 11136K, reserved 1048576K
}
Event: 22087.245 GC heap before
{Heap before GC invocations=190 (full 9):
 PSYoungGen      total 436736K, used 396654K [0x00000000e0000000, 0x00000000ff300000, 0x0000000100000000)
  eden space 365568K, 100% used [0x00000000e0000000,0x00000000f6500000,0x00000000f6500000)
  from space 71168K, 43% used [0x00000000fad80000,0x00000000fcbdbbb0,0x00000000ff300000)
  to   space 72704K, 0% used [0x00000000f6500000,0x00000000f6500000,0x00000000fac00000)
 ParOldGen       total 299008K, used 207349K [0x00000000a0000000, 0x00000000b2400000, 0x00000000e0000000)
  object space 299008K, 69% used [0x00000000a0000000,0x00000000aca7d798,0x00000000b2400000)
 Metaspace       used 83497K, capacity 88736K, committed 88960K, reserved 1126400K
  class space    used 10076K, capacity 11031K, committed 11136K, reserved 1048576K

